00000000 PRG 2021-11-27 16:03:57.490  6264  6264 "Loading plugin /opt/HPCCSystems/plugins/libauditlib.so[lib_auditlib] version = AUDITLIB 1.0.1"
00000001 PRG 2021-11-27 16:03:57.491  6264  6264 "Loading plugin /opt/HPCCSystems/plugins/libtimelib.so[lib_timelib] version = TIMELIB 1.0.0"
00000002 PRG 2021-11-27 16:03:57.491  6264  6264 "Loading plugin /opt/HPCCSystems/plugins/libworkunitservices.so[lib_WORKUNITSERVICES] version = WORKUNITSERVICES 1.0.2"
00000003 PRG 2021-11-27 16:03:57.491  6264  6264 "Loading library /opt/HPCCSystems/plugins/lib_h3.ecllib"
00000004 PRG 2021-11-27 16:03:57.491  6264  6264 "Loading plugin /opt/HPCCSystems/plugins/libstringlib.so[lib_stringlib] version = STRINGLIB 1.1.14"
00000005 PRG 2021-11-27 16:03:57.491  6264  6264 "Loading library /opt/HPCCSystems/plugins/sqlite3.ecllib"
00000006 PRG 2021-11-27 16:03:57.491  6264  6264 "Loading library /opt/HPCCSystems/plugins/javascript.ecllib"
00000007 PRG 2021-11-27 16:03:57.491  6264  6264 "Loading library /opt/HPCCSystems/plugins/lib_metaphone.ecllib"
00000008 PRG 2021-11-27 16:03:57.491  6264  6264 "Loading library /opt/HPCCSystems/plugins/lib_nlp.ecllib"
00000009 PRG 2021-11-27 16:03:57.491  6264  6264 "Loading library /opt/HPCCSystems/plugins/lib_saltlib.ecllib"
0000000A PRG 2021-11-27 16:03:57.496  6264  6264 "Loading plugin /opt/HPCCSystems/plugins/libfileservices.so[lib_fileservices] version = FILESERVICES 2.1.4"
0000000B PRG 2021-11-27 16:03:57.496  6264  6264 "Loading library /opt/HPCCSystems/plugins/sqs.ecllib"
0000000C PRG 2021-11-27 16:03:57.496  6264  6264 "Loading library /opt/HPCCSystems/plugins/lib_thorlib.ecllib"
0000000D PRG 2021-11-27 16:03:57.496  6264  6264 "Loading library /opt/HPCCSystems/plugins/lib_exampleplugin.ecllib"
0000000E PRG 2021-11-27 16:03:57.496  6264  6264 "Loading library /opt/HPCCSystems/plugins/java.ecllib"
0000000F PRG 2021-11-27 16:03:57.496  6264  6264 "Loading plugin /opt/HPCCSystems/plugins/libdebugservices.so[lib_debugservices] version = DEBUGSERVICES 1.0.1"
00000010 PRG 2021-11-27 16:03:57.496  6264  6264 "Loading library /opt/HPCCSystems/plugins/lib_word.ecllib"
00000011 PRG 2021-11-27 16:03:57.496  6264  6264 "Loading library /opt/HPCCSystems/plugins/python3.ecllib"
00000012 PRG 2021-11-27 16:03:57.497  6264  6264 "Loading library /opt/HPCCSystems/plugins/lib_redis.ecllib"
00000013 PRG 2021-11-27 16:03:57.497  6264  6264 "Loading library /opt/HPCCSystems/plugins/mysql.ecllib"
00000014 PRG 2021-11-27 16:03:57.497  6264  6264 "Loading library /opt/HPCCSystems/plugins/lib_eclblas.ecllib"
00000015 PRG 2021-11-27 16:03:57.497  6264  6264 "Loading library /opt/HPCCSystems/plugins/R.ecllib"
00000016 PRG 2021-11-27 16:03:57.497  6264  6264 "Loading library /opt/HPCCSystems/plugins/kafka.ecllib"
00000017 PRG 2021-11-27 16:03:57.497  6264  6264 "Loading library /opt/HPCCSystems/plugins/lib_cryptolib.ecllib"
00000018 PRG 2021-11-27 16:03:57.497  6264  6264 "Loading library /opt/HPCCSystems/plugins/lib_metaphone3.ecllib"
00000019 PRG 2021-11-27 16:03:57.497  6264  6264 "Loading library /opt/HPCCSystems/plugins/couchbase.ecllib"
0000001A PRG 2021-11-27 16:03:57.498  6264  6264 "Loading plugin /opt/HPCCSystems/plugins/libunicodelib.so[lib_unicodelib] version = UNICODELIB 1.1.06"
0000001B PRG 2021-11-27 16:03:57.498  6264  6264 "Loading plugin /opt/HPCCSystems/plugins/liblogging.so[lib_logging] version = LOGGING 1.0.1"
0000001C USR 2021-11-27 16:03:57.500  6264  6264 "WARNING: getECLPluginDefinition not found in /opt/HPCCSystems/plugins/libnlp.so, unloading"
0000001D PRG 2021-11-27 16:03:57.501  6264  6264 "Loading library /opt/HPCCSystems/plugins/lib_memcached.ecllib"
0000001E PRG 2021-11-27 16:03:57.501  6264  6264 "Loading library /opt/HPCCSystems/plugins/lib_keylib.ecllib"
0000001F PRG 2021-11-27 16:03:57.501  6264  6264 "Loading library /opt/HPCCSystems/plugins/cassandra.ecllib"
00000020 PRG 2021-11-27 16:03:57.501  6264  6264 "Loading plugin /opt/HPCCSystems/plugins/libparselib.so[lib_parselib] version = PARSELIB 1.0.1"
00000021 OPR 2021-11-27 16:03:57.514  6264  6264 "WARNING: Warning: Could not load /run/containerd/io.containerd.runtime.v2.task/k8s.io/cd40828592fed7c04401a09db62b35bc066eb5b15bf273a1b9f00e36c86273fa/rootfs/opt/HPCCSystems/versioned/python3/libpy3embed.so: /run/containerd/io.containerd.runtime.v2.task/k8s.io/cd40828592fed7c04401a09db62b35bc066eb5b15bf273a1b9f00e36c86273fa/rootfs/opt/HPCCSystems/versioned/python3/libpy3embed.so: cannot open shared object file: No such file or directory"
